<?xml version="1.0" encoding="UTF-8"?>
<testng-results ignored="0" total="8" passed="6" failed="2" skipped="0">
  <reporter-output>
  </reporter-output>
  <suite started-at="2024-09-14T19:06:46 PKT" name="Adhoc" finished-at="2024-09-14T19:10:14 PKT" duration-ms="208373">
    <groups>
    </groups>
    <test started-at="2024-09-14T19:06:46 PKT" name="functions" finished-at="2024-09-14T19:08:47 PKT" duration-ms="121748">
      <class name="Pro.Tarining.Tech.Students.Selenium">
        <test-method is-config="true" signature="beforeTest()[pri:0, instance:Pro.Tarining.Tech.Students.Selenium@3ba987b8]" started-at="2024-09-14T19:06:46 PKT" name="beforeTest" finished-at="2024-09-14T19:06:46 PKT" duration-ms="2" status="PASS">
          <reporter-output>
          </reporter-output>
        </test-method> <!-- beforeTest -->
        <test-method is-config="true" signature="beforeClass()[pri:0, instance:Pro.Tarining.Tech.Students.Selenium@3ba987b8]" started-at="2024-09-14T19:06:46 PKT" name="beforeClass" finished-at="2024-09-14T19:06:46 PKT" duration-ms="1" status="PASS">
          <reporter-output>
          </reporter-output>
        </test-method> <!-- beforeClass -->
        <test-method is-config="true" signature="beforeMethod()[pri:0, instance:Pro.Tarining.Tech.Students.Selenium@3ba987b8]" started-at="2024-09-14T19:06:46 PKT" name="beforeMethod" finished-at="2024-09-14T19:06:46 PKT" duration-ms="1" status="PASS">
          <reporter-output>
          </reporter-output>
        </test-method> <!-- beforeMethod -->
        <test-method signature="f()[pri:0, instance:Pro.Tarining.Tech.Students.Selenium@3ba987b8]" started-at="2024-09-14T19:06:46 PKT" name="f" finished-at="2024-09-14T19:06:46 PKT" duration-ms="55" status="PASS">
          <reporter-output>
          </reporter-output>
        </test-method> <!-- f -->
        <test-method is-config="true" signature="afterMethod()[pri:0, instance:Pro.Tarining.Tech.Students.Selenium@3ba987b8]" started-at="2024-09-14T19:06:46 PKT" name="afterMethod" finished-at="2024-09-14T19:06:46 PKT" duration-ms="1" status="PASS">
          <reporter-output>
          </reporter-output>
        </test-method> <!-- afterMethod -->
        <test-method is-config="true" signature="beforeMethod()[pri:0, instance:Pro.Tarining.Tech.Students.Selenium@3ba987b8]" started-at="2024-09-14T19:06:46 PKT" name="beforeMethod" finished-at="2024-09-14T19:06:46 PKT" duration-ms="0" status="PASS">
          <reporter-output>
          </reporter-output>
        </test-method> <!-- beforeMethod -->
        <test-method signature="second()[pri:0, instance:Pro.Tarining.Tech.Students.Selenium@3ba987b8]" started-at="2024-09-14T19:06:46 PKT" name="second" finished-at="2024-09-14T19:06:46 PKT" duration-ms="14" status="PASS">
          <reporter-output>
          </reporter-output>
        </test-method> <!-- second -->
        <test-method is-config="true" signature="afterMethod()[pri:0, instance:Pro.Tarining.Tech.Students.Selenium@3ba987b8]" started-at="2024-09-14T19:06:46 PKT" name="afterMethod" finished-at="2024-09-14T19:06:46 PKT" duration-ms="4" status="PASS">
          <reporter-output>
          </reporter-output>
        </test-method> <!-- afterMethod -->
        <test-method is-config="true" signature="afterClass()[pri:0, instance:Pro.Tarining.Tech.Students.Selenium@3ba987b8]" started-at="2024-09-14T19:06:46 PKT" name="afterClass" finished-at="2024-09-14T19:06:46 PKT" duration-ms="2" status="PASS">
          <reporter-output>
          </reporter-output>
        </test-method> <!-- afterClass -->
        <test-method is-config="true" signature="afterTest()[pri:0, instance:Pro.Tarining.Tech.Students.Selenium@3ba987b8]" started-at="2024-09-14T19:08:47 PKT" name="afterTest" finished-at="2024-09-14T19:08:47 PKT" duration-ms="1" status="PASS">
          <reporter-output>
          </reporter-output>
        </test-method> <!-- afterTest -->
      </class> <!-- Pro.Tarining.Tech.Students.Selenium -->
      <class name="Pro.Tarining.Tech.Students.PageObjectModel">
        <test-method signature="browsers(java.lang.String)[pri:0, instance:Pro.Tarining.Tech.Students.PageObjectModel@909217e]" started-at="2024-09-14T19:06:46 PKT" name="browsers" finished-at="2024-09-14T19:06:46 PKT" duration-ms="0" status="FAIL">
          <exception class="org.testng.TestNGException">
            <message>
              <![CDATA[
Cannot inject @Test annotated Method [browsers] with [class java.lang.String].
For more information on native dependency injection please refer to https://testng.org/#_dependency_injection]]>
            </message>
            <full-stacktrace>
              <![CDATA[org.testng.TestNGException: 
Cannot inject @Test annotated Method [browsers] with [class java.lang.String].
For more information on native dependency injection please refer to https://testng.org/#_dependency_injection
at org.testng.internal.Parameters.checkParameterTypes(Parameters.java:442)
at org.testng.internal.Parameters.createParametersForMethod(Parameters.java:347)
at org.testng.internal.Parameters.createParameters(Parameters.java:699)
at org.testng.internal.Parameters.handleParameters(Parameters.java:885)
at org.testng.internal.Parameters.handleParameters(Parameters.java:734)
at org.testng.internal.invokers.ParameterHandler.handleParameters(ParameterHandler.java:72)
at org.testng.internal.invokers.ParameterHandler.createParameters(ParameterHandler.java:51)
at org.testng.internal.invokers.TestInvoker$MethodInvocationAgent.invoke(TestInvoker.java:946)
at org.testng.internal.invokers.TestInvoker.invokeTestMethods(TestInvoker.java:203)
at org.testng.internal.invokers.TestMethodWorker.invokeTestMethods(TestMethodWorker.java:154)
at org.testng.internal.invokers.TestMethodWorker.run(TestMethodWorker.java:134)
at java.base/java.util.ArrayList.forEach(ArrayList.java:1597)
at org.testng.TestRunner.privateRun(TestRunner.java:739)
at org.testng.TestRunner.run(TestRunner.java:614)
at org.testng.SuiteRunner.runTest(SuiteRunner.java:421)
at org.testng.SuiteRunner.runSequentially(SuiteRunner.java:413)
at org.testng.SuiteRunner.privateRun(SuiteRunner.java:373)
at org.testng.SuiteRunner.run(SuiteRunner.java:312)
at org.testng.SuiteRunnerWorker.runSuite(SuiteRunnerWorker.java:52)
at org.testng.SuiteRunnerWorker.run(SuiteRunnerWorker.java:95)
at org.testng.TestNG.runSuitesSequentially(TestNG.java:1274)
at org.testng.TestNG.runSuitesLocally(TestNG.java:1208)
at org.testng.TestNG.runSuites(TestNG.java:1112)
at org.testng.TestNG.run(TestNG.java:1079)
at org.testng.remote.AbstractRemoteTestNG.run(AbstractRemoteTestNG.java:115)
at org.testng.remote.RemoteTestNG.initAndRun(RemoteTestNG.java:293)
at org.testng.remote.RemoteTestNG.main(RemoteTestNG.java:91)
]]>
            </full-stacktrace>
          </exception> <!-- org.testng.TestNGException -->
          <reporter-output>
          </reporter-output>
        </test-method> <!-- browsers -->
        <test-method is-config="true" signature="beforeMethod()[pri:0, instance:Pro.Tarining.Tech.Students.PageObjectModel@909217e]" started-at="2024-09-14T19:06:46 PKT" name="beforeMethod" finished-at="2024-09-14T19:08:07 PKT" duration-ms="81372" status="PASS">
          <reporter-output>
          </reporter-output>
        </test-method> <!-- beforeMethod -->
        <test-method signature="f()[pri:0, instance:Pro.Tarining.Tech.Students.PageObjectModel@909217e]" started-at="2024-09-14T19:08:07 PKT" name="f" finished-at="2024-09-14T19:08:39 PKT" duration-ms="31277" status="PASS">
          <reporter-output>
          </reporter-output>
        </test-method> <!-- f -->
        <test-method is-config="true" signature="afterMethod()[pri:0, instance:Pro.Tarining.Tech.Students.PageObjectModel@909217e]" started-at="2024-09-14T19:08:39 PKT" name="afterMethod" finished-at="2024-09-14T19:08:47 PKT" duration-ms="8835" status="PASS">
          <reporter-output>
          </reporter-output>
        </test-method> <!-- afterMethod -->
      </class> <!-- Pro.Tarining.Tech.Students.PageObjectModel -->
    </test> <!-- functions -->
    <test started-at="2024-09-14T19:08:48 PKT" name="functionbrowsers" finished-at="2024-09-14T19:10:14 PKT" duration-ms="86321">
      <class name="Pro.Tarining.Tech.Students.Selenium">
        <test-method is-config="true" signature="beforeSuite()[pri:0, instance:Pro.Tarining.Tech.Students.Selenium@2a693f59]" started-at="2024-09-14T19:06:46 PKT" name="beforeSuite" finished-at="2024-09-14T19:06:46 PKT" duration-ms="31" status="PASS">
          <reporter-output>
          </reporter-output>
        </test-method> <!-- beforeSuite -->
        <test-method is-config="true" signature="beforeTest()[pri:0, instance:Pro.Tarining.Tech.Students.Selenium@2a693f59]" started-at="2024-09-14T19:08:48 PKT" name="beforeTest" finished-at="2024-09-14T19:08:48 PKT" duration-ms="4" status="PASS">
          <reporter-output>
          </reporter-output>
        </test-method> <!-- beforeTest -->
        <test-method is-config="true" signature="beforeClass()[pri:0, instance:Pro.Tarining.Tech.Students.Selenium@2a693f59]" started-at="2024-09-14T19:08:48 PKT" name="beforeClass" finished-at="2024-09-14T19:08:48 PKT" duration-ms="1" status="PASS">
          <reporter-output>
          </reporter-output>
        </test-method> <!-- beforeClass -->
        <test-method is-config="true" signature="beforeMethod()[pri:0, instance:Pro.Tarining.Tech.Students.Selenium@2a693f59]" started-at="2024-09-14T19:08:48 PKT" name="beforeMethod" finished-at="2024-09-14T19:08:48 PKT" duration-ms="1" status="PASS">
          <reporter-output>
          </reporter-output>
        </test-method> <!-- beforeMethod -->
        <test-method signature="f()[pri:0, instance:Pro.Tarining.Tech.Students.Selenium@2a693f59]" started-at="2024-09-14T19:08:48 PKT" name="f" finished-at="2024-09-14T19:08:48 PKT" duration-ms="4" status="PASS">
          <reporter-output>
          </reporter-output>
        </test-method> <!-- f -->
        <test-method is-config="true" signature="afterMethod()[pri:0, instance:Pro.Tarining.Tech.Students.Selenium@2a693f59]" started-at="2024-09-14T19:08:48 PKT" name="afterMethod" finished-at="2024-09-14T19:08:48 PKT" duration-ms="2" status="PASS">
          <reporter-output>
          </reporter-output>
        </test-method> <!-- afterMethod -->
        <test-method is-config="true" signature="beforeMethod()[pri:0, instance:Pro.Tarining.Tech.Students.Selenium@2a693f59]" started-at="2024-09-14T19:08:48 PKT" name="beforeMethod" finished-at="2024-09-14T19:08:48 PKT" duration-ms="1" status="PASS">
          <reporter-output>
          </reporter-output>
        </test-method> <!-- beforeMethod -->
        <test-method signature="second()[pri:0, instance:Pro.Tarining.Tech.Students.Selenium@2a693f59]" started-at="2024-09-14T19:08:48 PKT" name="second" finished-at="2024-09-14T19:08:48 PKT" duration-ms="6" status="PASS">
          <reporter-output>
          </reporter-output>
        </test-method> <!-- second -->
        <test-method is-config="true" signature="afterMethod()[pri:0, instance:Pro.Tarining.Tech.Students.Selenium@2a693f59]" started-at="2024-09-14T19:08:48 PKT" name="afterMethod" finished-at="2024-09-14T19:08:48 PKT" duration-ms="2" status="PASS">
          <reporter-output>
          </reporter-output>
        </test-method> <!-- afterMethod -->
        <test-method is-config="true" signature="afterClass()[pri:0, instance:Pro.Tarining.Tech.Students.Selenium@2a693f59]" started-at="2024-09-14T19:08:48 PKT" name="afterClass" finished-at="2024-09-14T19:08:48 PKT" duration-ms="5" status="PASS">
          <reporter-output>
          </reporter-output>
        </test-method> <!-- afterClass -->
        <test-method is-config="true" signature="afterTest()[pri:0, instance:Pro.Tarining.Tech.Students.Selenium@2a693f59]" started-at="2024-09-14T19:10:14 PKT" name="afterTest" finished-at="2024-09-14T19:10:14 PKT" duration-ms="1" status="PASS">
          <reporter-output>
          </reporter-output>
        </test-method> <!-- afterTest -->
        <test-method is-config="true" signature="afterSuite()[pri:0, instance:Pro.Tarining.Tech.Students.Selenium@2a693f59]" started-at="2024-09-14T19:10:14 PKT" name="afterSuite" finished-at="2024-09-14T19:10:14 PKT" duration-ms="3" status="PASS">
          <reporter-output>
          </reporter-output>
        </test-method> <!-- afterSuite -->
      </class> <!-- Pro.Tarining.Tech.Students.Selenium -->
      <class name="Pro.Tarining.Tech.Students.PageObjectModel">
        <test-method signature="browsers(java.lang.String)[pri:0, instance:Pro.Tarining.Tech.Students.PageObjectModel@3f4faf53]" started-at="2024-09-14T19:08:48 PKT" name="browsers" finished-at="2024-09-14T19:08:48 PKT" duration-ms="0" status="FAIL">
          <exception class="org.testng.TestNGException">
            <message>
              <![CDATA[
Cannot inject @Test annotated Method [browsers] with [class java.lang.String].
For more information on native dependency injection please refer to https://testng.org/#_dependency_injection]]>
            </message>
            <full-stacktrace>
              <![CDATA[org.testng.TestNGException: 
Cannot inject @Test annotated Method [browsers] with [class java.lang.String].
For more information on native dependency injection please refer to https://testng.org/#_dependency_injection
at org.testng.internal.Parameters.checkParameterTypes(Parameters.java:442)
at org.testng.internal.Parameters.createParametersForMethod(Parameters.java:347)
at org.testng.internal.Parameters.createParameters(Parameters.java:699)
at org.testng.internal.Parameters.handleParameters(Parameters.java:885)
at org.testng.internal.Parameters.handleParameters(Parameters.java:734)
at org.testng.internal.invokers.ParameterHandler.handleParameters(ParameterHandler.java:72)
at org.testng.internal.invokers.ParameterHandler.createParameters(ParameterHandler.java:51)
at org.testng.internal.invokers.TestInvoker$MethodInvocationAgent.invoke(TestInvoker.java:946)
at org.testng.internal.invokers.TestInvoker.invokeTestMethods(TestInvoker.java:203)
at org.testng.internal.invokers.TestMethodWorker.invokeTestMethods(TestMethodWorker.java:154)
at org.testng.internal.invokers.TestMethodWorker.run(TestMethodWorker.java:134)
at java.base/java.util.ArrayList.forEach(ArrayList.java:1597)
at org.testng.TestRunner.privateRun(TestRunner.java:739)
at org.testng.TestRunner.run(TestRunner.java:614)
at org.testng.SuiteRunner.runTest(SuiteRunner.java:421)
at org.testng.SuiteRunner.runSequentially(SuiteRunner.java:413)
at org.testng.SuiteRunner.privateRun(SuiteRunner.java:373)
at org.testng.SuiteRunner.run(SuiteRunner.java:312)
at org.testng.SuiteRunnerWorker.runSuite(SuiteRunnerWorker.java:52)
at org.testng.SuiteRunnerWorker.run(SuiteRunnerWorker.java:95)
at org.testng.TestNG.runSuitesSequentially(TestNG.java:1274)
at org.testng.TestNG.runSuitesLocally(TestNG.java:1208)
at org.testng.TestNG.runSuites(TestNG.java:1112)
at org.testng.TestNG.run(TestNG.java:1079)
at org.testng.remote.AbstractRemoteTestNG.run(AbstractRemoteTestNG.java:115)
at org.testng.remote.RemoteTestNG.initAndRun(RemoteTestNG.java:293)
at org.testng.remote.RemoteTestNG.main(RemoteTestNG.java:91)
]]>
            </full-stacktrace>
          </exception> <!-- org.testng.TestNGException -->
          <reporter-output>
          </reporter-output>
        </test-method> <!-- browsers -->
        <test-method is-config="true" signature="beforeMethod()[pri:0, instance:Pro.Tarining.Tech.Students.PageObjectModel@3f4faf53]" started-at="2024-09-14T19:08:48 PKT" name="beforeMethod" finished-at="2024-09-14T19:09:30 PKT" duration-ms="42346" status="PASS">
          <reporter-output>
          </reporter-output>
        </test-method> <!-- beforeMethod -->
        <test-method signature="f()[pri:0, instance:Pro.Tarining.Tech.Students.PageObjectModel@3f4faf53]" started-at="2024-09-14T19:09:30 PKT" name="f" finished-at="2024-09-14T19:10:05 PKT" duration-ms="35122" status="PASS">
          <reporter-output>
          </reporter-output>
        </test-method> <!-- f -->
        <test-method is-config="true" signature="afterMethod()[pri:0, instance:Pro.Tarining.Tech.Students.PageObjectModel@3f4faf53]" started-at="2024-09-14T19:10:05 PKT" name="afterMethod" finished-at="2024-09-14T19:10:14 PKT" duration-ms="8759" status="PASS">
          <reporter-output>
          </reporter-output>
        </test-method> <!-- afterMethod -->
      </class> <!-- Pro.Tarining.Tech.Students.PageObjectModel -->
    </test> <!-- functionbrowsers -->
  </suite> <!-- Adhoc -->
</testng-results>
