<?xml version="1.0" encoding="UTF-8"?>
<!-- Generated by org.testng.reporters.JUnitXMLReporter -->
<testsuite ignored="0" hostname="awaiss-MacBook-Air.local" failures="1" tests="4" name="functions" time="121.748" errors="0" timestamp="2024-09-14T19:08:48 PKT">
  <testcase classname="Pro.Tarining.Tech.Students.Selenium" name="f" time="0.055"/>
  <testcase classname="Pro.Tarining.Tech.Students.Selenium" name="second" time="0.014"/>
  <testcase classname="Pro.Tarining.Tech.Students.PageObjectModel" name="browsers" time="0.0">
    <failure type="org.testng.TestNGException" message="
Cannot inject @Test annotated Method [browsers] with [class java.lang.String].
For more information on native dependency injection please refer to https://testng.org/#_dependency_injection">
      <![CDATA[org.testng.TestNGException: 
Cannot inject @Test annotated Method [browsers] with [class java.lang.String].
For more information on native dependency injection please refer to https://testng.org/#_dependency_injection
at java.base/java.util.ArrayList.forEach(ArrayList.java:1597)
... Removed 26 stack frames]]>
    </failure>
  </testcase> <!-- browsers -->
  <testcase classname="Pro.Tarining.Tech.Students.PageObjectModel" name="f" time="31.277"/>
</testsuite> <!-- functions -->
